Using pre-set license
Built from '2020.3/china_unity/release' branch; Version is '2020.3.49f1c1 (9f87e50ef29c) revision 10455013'; Using compiler version '192528614'; Build Type 'Release'
OS: 'Windows 11  (10.0.26200) 64bit CoreCountrySpecific' Language: 'zh' Physical Memory: 32559 MB
BatchMode: 1, IsHumanControllingUs: 0, StartBugReporterOnCrash: 0, Is64bit: 1, IsPro: 0

COMMAND LINE ARGUMENTS:
D:\04-Works\Unity Hub\2020.3.49f1c1\Editor\Unity.exe
-adb2
-batchMode
-noUpm
-name
AssetImportWorker0
-projectPath
D:/09-Coding/06-Monopoly/monopoly
-logFile
Logs/AssetImportWorker0.log
-srvPort
53243
Successfully changed project path to: D:/09-Coding/06-Monopoly/monopoly
D:/09-Coding/06-Monopoly/monopoly
Using Asset Import Pipeline V2.
Player connection [41668] Host "[IP] 198.18.0.1 [Port] 73 [Flags] 2 [Guid] 1072817552 [EditorId] 1072817552 [Version] 1048832 [Id] WindowsEditor(7,ZEEN) [Debug] 1 [PackageName] WindowsEditor [ProjectName] Editor" joined multi-casting on [225.0.0.222:54997]...

Player connection [41668] Host "[IP] 198.18.0.1 [Port] 73 [Flags] 2 [Guid] 1072817552 [EditorId] 1072817552 [Version] 1048832 [Id] WindowsEditor(7,ZEEN) [Debug] 1 [PackageName] WindowsEditor [ProjectName] Editor" joined alternative multi-casting on [225.0.0.222:34997]...

AS: AutoStreaming module initializing.Refreshing native plugins compatible for Editor in 19.19 ms, found 2 plugins.
Preloading 0 native plugins for Editor in 0.00 ms.
Initialize engine version: 2020.3.49f1c1 (9f87e50ef29c)
[Subsystems] Discovering subsystems at path D:/04-Works/Unity Hub/2020.3.49f1c1/Editor/Data/Resources/UnitySubsystems
[Subsystems] Discovering subsystems at path D:/09-Coding/06-Monopoly/monopoly/Assets
GfxDevice: creating device client; threaded=0
Direct3D:
    Version:  Direct3D 11.0 [level 11.1]
    Renderer: NVIDIA GeForce RTX 4060 Laptop GPU (ID=0x28e0)
    Vendor:   
    VRAM:     7956 MB
    Driver:   32.0.15.9186
Initialize mono
Mono path[0] = 'D:/04-Works/Unity Hub/2020.3.49f1c1/Editor/Data/Managed'
Mono path[1] = 'D:/04-Works/Unity Hub/2020.3.49f1c1/Editor/Data/MonoBleedingEdge/lib/mono/unityjit'
Mono config path = 'D:/04-Works/Unity Hub/2020.3.49f1c1/Editor/Data/MonoBleedingEdge/etc'
Using monoOptions --debugger-agent=transport=dt_socket,embedding=1,server=y,suspend=n,address=127.0.0.1:56664
Begin MonoManager ReloadAssembly
Registering precompiled unity dll's ...
Register platform support module: D:/04-Works/Unity Hub/2020.3.49f1c1/Editor/Data/PlaybackEngines/WindowsStandaloneSupport/UnityEditor.WindowsStandalone.Extensions.dll
Registered in 0.216656 seconds.
Native extension for WindowsStandalone target not found
Refreshing native plugins compatible for Editor in 14.83 ms, found 2 plugins.
Preloading 0 native plugins for Editor in 0.00 ms.
Mono: successfully reloaded assembly
- Completed reload, in  3.805 seconds
Domain Reload Profiling:
	ReloadAssembly (3805ms)
		BeginReloadAssembly (2844ms)
			ExecutionOrderSort (0ms)
			DisableScriptedObjects (0ms)
			BackupInstance (0ms)
			ReleaseScriptingObjects (0ms)
			CreateAndSetChildDomain (1ms)
		EndReloadAssembly (600ms)
			LoadAssemblies (2839ms)
			RebuildTransferFunctionScriptingTraits (0ms)
			SetupTypeCache (397ms)
			ReleaseScriptCaches (0ms)
			RebuildScriptCaches (15ms)
			SetupLoadedEditorAssemblies (101ms)
				LogAssemblyErrors (0ms)
				InitializePlatformSupportModulesInManaged (3ms)
				SetLoadedEditorAssemblies (0ms)
				RefreshPlugins (15ms)
				BeforeProcessingInitializeOnLoad (8ms)
				ProcessInitializeOnLoadAttributes (52ms)
				ProcessInitializeOnLoadMethodAttributes (22ms)
				AfterProcessingInitializeOnLoad (0ms)
				EditorAssembliesLoaded (0ms)
			ExecutionOrderSort2 (0ms)
			AwakeInstancesAfterBackupRestoration (0ms)
Platform modules already initialized, skipping
Registering precompiled user dll's ...
Registered in 0.005555 seconds.
Begin MonoManager ReloadAssembly
Native extension for WindowsStandalone target not found
Refreshing native plugins compatible for Editor in 0.20 ms, found 2 plugins.
Preloading 0 native plugins for Editor in 0.00 ms.
Mono: successfully reloaded assembly
- Completed reload, in  3.294 seconds
Domain Reload Profiling:
	ReloadAssembly (3300ms)
		BeginReloadAssembly (133ms)
			ExecutionOrderSort (0ms)
			DisableScriptedObjects (3ms)
			BackupInstance (0ms)
			ReleaseScriptingObjects (0ms)
			CreateAndSetChildDomain (10ms)
		EndReloadAssembly (3114ms)
			LoadAssemblies (1839ms)
			RebuildTransferFunctionScriptingTraits (0ms)
			SetupTypeCache (718ms)
			ReleaseScriptCaches (0ms)
			RebuildScriptCaches (19ms)
			SetupLoadedEditorAssemblies (542ms)
				LogAssemblyErrors (0ms)
				InitializePlatformSupportModulesInManaged (3ms)
				SetLoadedEditorAssemblies (0ms)
				RefreshPlugins (0ms)
				BeforeProcessingInitializeOnLoad (64ms)
				ProcessInitializeOnLoadAttributes (454ms)
				ProcessInitializeOnLoadMethodAttributes (4ms)
				AfterProcessingInitializeOnLoad (16ms)
				EditorAssembliesLoaded (0ms)
			ExecutionOrderSort2 (0ms)
			AwakeInstancesAfterBackupRestoration (1ms)
Platform modules already initialized, skipping
========================================================================
Worker process is ready to serve import requests
Launched and connected shader compiler UnityShaderCompiler.exe after 0.10 seconds
Refreshing native plugins compatible for Editor in 0.29 ms, found 2 plugins.
Preloading 0 native plugins for Editor in 0.00 ms.
Unloading 1363 Unused Serialized files (Serialized files now loaded: 0)
System memory in use before: 67.3 MB.
System memory in use after: 67.4 MB.

Unloading 16 unused Assets to reduce memory usage. Loaded Objects now: 1802.
Total: 1.605900 ms (FindLiveObjects: 0.059400 ms CreateObjectMapping: 0.017000 ms MarkObjects: 1.491500 ms  DeleteObjects: 0.037300 ms)

AssetImportParameters requested are different than current active one (requested -> active):
  custom:framework-win-MediaFoundation: 216162199b28c13a410421893ffa2e32 -> 
  custom:video-decoder-ogg-theora: a1e56fd34408186e4bbccfd4996cb3dc -> 
  custom:container-muxer-webm: aa71ff27fc2769a1b78a27578f13a17b -> 
  custom:container-demuxer-webm: 4f35f7cbe854078d1ac9338744f61a02 -> 
  custom:container-demuxer-ogg: 62fdf1f143b41e24485cea50d1cbac27 -> 
  custom:video-encoder-webm-vp8: eb34c28f22e8b96e1ab97ce403110664 -> 
  custom:video-codec-MediaFoundation-h265: 746d11721c4dcdbdad8f713fa42b33f4 -> 
  custom:video-decoder-webm-vp8: 9c59270c3fd7afecdb556c50c9e8de78 -> 
  custom:audio-decoder-ogg-vorbis: bf7c407c2cedff20999df2af8eb42d56 -> 
  custom:audio-encoder-webm-vorbis: bf7c407c2cedff20999df2af8eb42d56 -> 
========================================================================
Received Import Request.
  path: Assets/Resources/Map
  artifactKey: Guid(b16eb92b0ca477146a41254cab47e35c) Importer(815301076,1909f56bfc062723c751e8b465ee728b)
Start importing Assets/Resources/Map using Guid(b16eb92b0ca477146a41254cab47e35c) Importer(815301076,1909f56bfc062723c751e8b465ee728b)  -> (artifact id: 'ea523267ebe772e2fd0fe1395a59b0ad') in 0.007467 seconds 
========================================================================
Received Import Request.
  Time since last request: 30.253051 seconds.
  path: Assets/Resources/Map/SimpleSky
  artifactKey: Guid(a20d587c88094454ea8a7398fd5738e0) Importer(815301076,1909f56bfc062723c751e8b465ee728b)
Start importing Assets/Resources/Map/SimpleSky using Guid(a20d587c88094454ea8a7398fd5738e0) Importer(815301076,1909f56bfc062723c751e8b465ee728b)  -> (artifact id: 'fba88f2d84ea2e41066be6294d4decde') in 0.009651 seconds 
========================================================================
Received Import Request.
  Time since last request: 150.656545 seconds.
  path: Assets/Resources/Map/building
  artifactKey: Guid(2ddc62c3b39361840a8020896fe3dda8) Importer(815301076,1909f56bfc062723c751e8b465ee728b)
Start importing Assets/Resources/Map/building using Guid(2ddc62c3b39361840a8020896fe3dda8) Importer(815301076,1909f56bfc062723c751e8b465ee728b)  -> (artifact id: 'f7103583bf06abe480f8655438e3902f') in 0.008448 seconds 
========================================================================
Received Import Request.
  Time since last request: 0.679346 seconds.
  path: Assets/Resources/Map/building/Materials
  artifactKey: Guid(e58738d2973249149944d0ffc1f4d66a) Importer(815301076,1909f56bfc062723c751e8b465ee728b)
Start importing Assets/Resources/Map/building/Materials using Guid(e58738d2973249149944d0ffc1f4d66a) Importer(815301076,1909f56bfc062723c751e8b465ee728b)  -> (artifact id: 'f22152c3cbbfef91fce32f2b0d763740') in 0.007772 seconds 
========================================================================
Received Import Request.
  Time since last request: 2.549285 seconds.
  path: Assets/Resources/Map/building/Textures/STL_Building_Pizza.png
  artifactKey: Guid(fd8d97ed2146abb459311db47fd0224b) Importer(815301076,1909f56bfc062723c751e8b465ee728b)
Start importing Assets/Resources/Map/building/Textures/STL_Building_Pizza.png using Guid(fd8d97ed2146abb459311db47fd0224b) Importer(815301076,1909f56bfc062723c751e8b465ee728b)  -> (artifact id: 'b552625988a6791cda57abe8cec436c6') in 0.120033 seconds 
========================================================================
Received Import Request.
  Time since last request: 15.734333 seconds.
  path: Assets/Resources/Map/building/Textures/STL_Vehicle_PizzaCar.png
  artifactKey: Guid(f4d311d83faf3f348860b2886f7bca0c) Importer(815301076,1909f56bfc062723c751e8b465ee728b)
Start importing Assets/Resources/Map/building/Textures/STL_Vehicle_PizzaCar.png using Guid(f4d311d83faf3f348860b2886f7bca0c) Importer(815301076,1909f56bfc062723c751e8b465ee728b)  -> (artifact id: 'fedef932a32e755826cef1c197a1fb70') in 0.012242 seconds 
========================================================================
Received Import Request.
  Time since last request: 1.308900 seconds.
  path: Assets/Resources/Map/building/Textures/STL_Vehicle_HotdogTruck.png
  artifactKey: Guid(7d5ce89f286524946a1240f7f3835312) Importer(815301076,1909f56bfc062723c751e8b465ee728b)
Start importing Assets/Resources/Map/building/Textures/STL_Vehicle_HotdogTruck.png using Guid(7d5ce89f286524946a1240f7f3835312) Importer(815301076,1909f56bfc062723c751e8b465ee728b)  -> (artifact id: 'c8e0ed052d1e7fa16ec697ba4aee5d49') in 0.011224 seconds 
========================================================================
Received Import Request.
  Time since last request: 4.098574 seconds.
  path: Assets/Resources/Map/building/Prefabs
  artifactKey: Guid(cc2bc67f2a97a564d8e03e7954595b5b) Importer(815301076,1909f56bfc062723c751e8b465ee728b)
Start importing Assets/Resources/Map/building/Prefabs using Guid(cc2bc67f2a97a564d8e03e7954595b5b) Importer(815301076,1909f56bfc062723c751e8b465ee728b)  -> (artifact id: '4e728ab8704f8b50f0de97f5ae11b2f6') in 0.008208 seconds 
========================================================================
Received Import Request.
  Time since last request: 0.866475 seconds.
  path: Assets/Resources/Map/building/Prefabs/BBQ.prefab
  artifactKey: Guid(d749b2b56f3040242948a2a52ea8c305) Importer(815301076,1909f56bfc062723c751e8b465ee728b)
Start importing Assets/Resources/Map/building/Prefabs/BBQ.prefab using Guid(d749b2b56f3040242948a2a52ea8c305) Importer(815301076,1909f56bfc062723c751e8b465ee728b)  -> (artifact id: 'a56f060031e8e5d9a97b3288fcd3f683') in 0.067359 seconds 
========================================================================
Received Import Request.
  Time since last request: 12.481606 seconds.
  path: Assets/Resources/Map/building/Prefabs/burger.prefab
  artifactKey: Guid(f4c4616ecce9282458aaf416e352682d) Importer(815301076,1909f56bfc062723c751e8b465ee728b)
Start importing Assets/Resources/Map/building/Prefabs/burger.prefab using Guid(f4c4616ecce9282458aaf416e352682d) Importer(815301076,1909f56bfc062723c751e8b465ee728b)  -> (artifact id: '0d3642fe8f429c04a645a9876dff7237') in 0.039706 seconds 
========================================================================
Received Import Request.
  Time since last request: 3.463915 seconds.
  path: Assets/Resources/Map/building/Prefabs/dessert.prefab
  artifactKey: Guid(bca385975a9171b49906192d5d89da85) Importer(815301076,1909f56bfc062723c751e8b465ee728b)
Start importing Assets/Resources/Map/building/Prefabs/dessert.prefab using Guid(bca385975a9171b49906192d5d89da85) Importer(815301076,1909f56bfc062723c751e8b465ee728b)  -> (artifact id: '22f0853bcc313735c4a2499491eedbab') in 0.017084 seconds 
========================================================================
Received Import Request.
  Time since last request: 84.982157 seconds.
  path: Assets/Resources/Map/building/Models
  artifactKey: Guid(2f4dc28dc94d38944b61a446013d922d) Importer(815301076,1909f56bfc062723c751e8b465ee728b)
Start importing Assets/Resources/Map/building/Models using Guid(2f4dc28dc94d38944b61a446013d922d) Importer(815301076,1909f56bfc062723c751e8b465ee728b)  -> (artifact id: 'a9e84c4e6b34099aa8a7df9f939a50f9') in 0.008088 seconds 
========================================================================
Received Import Request.
  Time since last request: 1.607690 seconds.
  path: Assets/Resources/Map/nature
  artifactKey: Guid(5ea9801ac0d04ca429d578b8586314b9) Importer(815301076,1909f56bfc062723c751e8b465ee728b)
Start importing Assets/Resources/Map/nature using Guid(5ea9801ac0d04ca429d578b8586314b9) Importer(815301076,1909f56bfc062723c751e8b465ee728b)  -> (artifact id: '835dbc6ffc7de81d1d0344b9bb8f5998') in 0.007657 seconds 
========================================================================
Received Import Request.
  Time since last request: 0.640122 seconds.
  path: Assets/Resources/Map/nature/Materials
  artifactKey: Guid(3f25702c5c7afec41b85b074bf76e4a4) Importer(815301076,1909f56bfc062723c751e8b465ee728b)
Start importing Assets/Resources/Map/nature/Materials using Guid(3f25702c5c7afec41b85b074bf76e4a4) Importer(815301076,1909f56bfc062723c751e8b465ee728b)  -> (artifact id: '1fa16baa5f52896da1784257f7bdc8f5') in 0.004388 seconds 
========================================================================
Received Import Request.
  Time since last request: 1.509200 seconds.
  path: Assets/Resources/Map/nature/Prefabs
  artifactKey: Guid(245080b10b3a2d542a041d0b8f4fe0dc) Importer(815301076,1909f56bfc062723c751e8b465ee728b)
Start importing Assets/Resources/Map/nature/Prefabs using Guid(245080b10b3a2d542a041d0b8f4fe0dc) Importer(815301076,1909f56bfc062723c751e8b465ee728b)  -> (artifact id: 'c009f8b6629b016331927391c2229fa5') in 0.003496 seconds 
========================================================================
Received Import Request.
  Time since last request: 0.786305 seconds.
  path: Assets/Resources/Map/nature/Prefabs/Branch_01.prefab
  artifactKey: Guid(b9de24523a11d714db3851b5f0f9d527) Importer(815301076,1909f56bfc062723c751e8b465ee728b)
Start importing Assets/Resources/Map/nature/Prefabs/Branch_01.prefab using Guid(b9de24523a11d714db3851b5f0f9d527) Importer(815301076,1909f56bfc062723c751e8b465ee728b)  -> (artifact id: 'd4ce09073b4f9e136573ddc5a3d7c7be') in 0.014309 seconds 
AssetImportWorkerClient::OnTransportError - code=2 error=End of file
